<?xml version="1.0" encoding="UTF-8"?>
<coverage generated="1693960792182" clover="3.2.0">
  <project timestamp="1693960792182" name="All files">
    <metrics statements="6" coveredstatements="6" conditionals="0" coveredconditionals="0" methods="6" coveredmethods="5" elements="12" coveredelements="11" complexity="0" loc="6" ncloc="6" packages="1" files="1" classes="1"/>
    <file name="shapes.js" path="C:\Users\arsal\Desktop\bootcamp\arsalan-module-8-challeng-uci-bootcamp\trimode-svg-generator\lib\shapes.js">
      <metrics statements="6" coveredstatements="6" conditionals="0" coveredconditionals="0" methods="6" coveredmethods="5"/>
      <line num="3" count="3" type="stmt"/>
      <line num="6" count="3" type="stmt"/>
      <line num="13" count="1" type="stmt"/>
      <line num="18" count="1" type="stmt"/>
      <line num="23" count="1" type="stmt"/>
      <line num="27" count="1" type="stmt"/>
    </file>
  </project>
</coverage>
