{"C:\\Users\\arsal\\Desktop\\bootcamp\\arsalan-module-8-challeng-uci-bootcamp\\trimode-svg-generator\\lib\\shapes.js": {"path":"C:\\Users\\arsal\\Desktop\\bootcamp\\arsalan-module-8-challeng-uci-bootcamp\\trimode-svg-generator\\lib\\shapes.js","statementMap":{"0":{"start":{"line":3,"column":8},"end":{"line":3,"column":29}},"1":{"start":{"line":6,"column":8},"end":{"line":6,"column":27}},"2":{"start":{"line":13,"column":8},"end":{"line":13,"column":84}},"3":{"start":{"line":18,"column":8},"end":{"line":18,"column":74}},"4":{"start":{"line":23,"column":8},"end":{"line":23,"column":86}},"5":{"start":{"line":27,"column":0},"end":{"line":27,"column":44}}},"fnMap":{"0":{"name":"(anonymous_0)","decl":{"start":{"line":2,"column":4},"end":{"line":2,"column":5}},"loc":{"start":{"line":2,"column":17},"end":{"line":4,"column":5}},"line":2},"1":{"name":"(anonymous_1)","decl":{"start":{"line":5,"column":4},"end":{"line":5,"column":5}},"loc":{"start":{"line":5,"column":19},"end":{"line":7,"column":5}},"line":5},"2":{"name":"(anonymous_2)","decl":{"start":{"line":8,"column":4},"end":{"line":8,"column":5}},"loc":{"start":{"line":8,"column":12},"end":{"line":8,"column":14}},"line":8},"3":{"name":"(anonymous_3)","decl":{"start":{"line":12,"column":4},"end":{"line":12,"column":5}},"loc":{"start":{"line":12,"column":12},"end":{"line":14,"column":5}},"line":12},"4":{"name":"(anonymous_4)","decl":{"start":{"line":17,"column":4},"end":{"line":17,"column":5}},"loc":{"start":{"line":17,"column":12},"end":{"line":19,"column":5}},"line":17},"5":{"name":"(anonymous_5)","decl":{"start":{"line":22,"column":4},"end":{"line":22,"column":5}},"loc":{"start":{"line":22,"column":12},"end":{"line":24,"column":5}},"line":22}},"branchMap":{},"s":{"0":3,"1":3,"2":1,"3":1,"4":1,"5":1},"f":{"0":3,"1":3,"2":0,"3":1,"4":1,"5":1},"b":{},"_coverageSchema":"1a1c01bbd47fc00a2c39e90264f33305004495a9","hash":"61ee6d9be374f673c083d89c30d7b5e3a1f2d51d"}
}
